# JRE version: OpenJDK Runtime Environment (8.0_242-b01) (build 1.8.0_242-release-1644-b01)
# Java VM: OpenJDK 64-Bit Server VM (25.242-b01 mixed mode windows-amd64 compressed oops)
Heap:
 PSYoungGen      total 200704K, used 46514K [0x00000000e0000000, 0x00000000edf80000, 0x0000000100000000)
  eden space 185344K, 16% used [0x00000000e0000000,0x00000000e1e6df50,0x00000000eb500000)
  from space 15360K, 99% used [0x00000000ec180000,0x00000000ed07eb80,0x00000000ed080000)
  to   space 13312K, 0% used [0x00000000ed280000,0x00000000ed280000,0x00000000edf80000)
 ParOldGen       total 124416K, used 27795K [0x00000000a0000000, 0x00000000a7980000, 0x00000000e0000000)
  object space 124416K, 22% used [0x00000000a0000000,0x00000000a1b24f60,0x00000000a7980000)
 Metaspace       used 54973K, capacity 56820K, committed 57000K, reserved 1097728K
  class space    used 7528K, capacity 8001K, committed 8104K, reserved 1048576K
GC Heap History (10 events):
Event: 5.925 GC heap before
{Heap before GC invocations=7 (full 1):
 PSYoungGen      total 76288K, used 73536K [0x00000000e0000000, 0x00000000e8c00000, 0x0000000100000000)
  eden space 65536K, 100% used [0x00000000e0000000,0x00000000e4000000,0x00000000e4000000)
  from space 10752K, 74% used [0x00000000e4000000,0x00000000e47d00f8,0x00000000e4a80000)
  to   space 12800K, 0% used [0x00000000e7f80000,0x00000000e7f80000,0x00000000e8c00000)
 ParOldGen       total 86016K, used 7363K [0x00000000a0000000, 0x00000000a5400000, 0x00000000e0000000)
  object space 86016K, 8% used [0x00000000a0000000,0x00000000a0730c30,0x00000000a5400000)
 Metaspace       used 31308K, capacity 31838K, committed 32176K, reserved 1077248K
  class space    used 4282K, capacity 4434K, committed 4528K, reserved 1048576K
Event: 5.935 GC heap after
Heap after GC invocations=7 (full 1):
 PSYoungGen      total 127488K, used 9007K [0x00000000e0000000, 0x00000000e8a80000, 0x0000000100000000)
  eden space 116224K, 0% used [0x00000000e0000000,0x00000000e0000000,0x00000000e7180000)
  from space 11264K, 79% used [0x00000000e7f80000,0x00000000e884bd38,0x00000000e8a80000)
  to   space 12800K, 0% used [0x00000000e7180000,0x00000000e7180000,0x00000000e7e00000)
 ParOldGen       total 86016K, used 7371K [0x00000000a0000000, 0x00000000a5400000, 0x00000000e0000000)
  object space 86016K, 8% used [0x00000000a0000000,0x00000000a0732c30,0x00000000a5400000)
 Metaspace       used 31308K, capacity 31838K, committed 32176K, reserved 1077248K
  class space    used 4282K, capacity 4434K, committed 4528K, reserved 1048576K
}
Event: 6.915 GC heap before
{Heap before GC invocations=8 (full 1):
 PSYoungGen      total 127488K, used 76835K [0x00000000e0000000, 0x00000000e8a80000, 0x0000000100000000)
  eden space 116224K, 58% used [0x00000000e0000000,0x00000000e423d1a0,0x00000000e7180000)
  from space 11264K, 79% used [0x00000000e7f80000,0x00000000e884bd38,0x00000000e8a80000)
  to   space 12800K, 0% used [0x00000000e7180000,0x00000000e7180000,0x00000000e7e00000)
 ParOldGen       total 86016K, used 7371K [0x00000000a0000000, 0x00000000a5400000, 0x00000000e0000000)
  object space 86016K, 8% used [0x00000000a0000000,0x00000000a0732c30,0x00000000a5400000)
 Metaspace       used 34545K, capacity 35452K, committed 35496K, reserved 1079296K
  class space    used 4729K, capacity 4995K, committed 5032K, reserved 1048576K
Event: 6.928 GC heap after
Heap after GC invocations=8 (full 1):
 PSYoungGen      total 129024K, used 11435K [0x00000000e0000000, 0x00000000edf80000, 0x0000000100000000)
  eden space 116224K, 0% used [0x00000000e0000000,0x00000000e0000000,0x00000000e7180000)
  from space 12800K, 89% used [0x00000000e7180000,0x00000000e7caada0,0x00000000e7e00000)
  to   space 13312K, 0% used [0x00000000ed280000,0x00000000ed280000,0x00000000edf80000)
 ParOldGen       total 86016K, used 7379K [0x00000000a0000000, 0x00000000a5400000, 0x00000000e0000000)
  object space 86016K, 8% used [0x00000000a0000000,0x00000000a0734c30,0x00000000a5400000)
 Metaspace       used 34545K, capacity 35452K, committed 35496K, reserved 1079296K
  class space    used 4729K, capacity 4995K, committed 5032K, reserved 1048576K
}
Event: 6.928 GC heap before
{Heap before GC invocations=9 (full 2):
 PSYoungGen      total 129024K, used 11435K [0x00000000e0000000, 0x00000000edf80000, 0x0000000100000000)
  eden space 116224K, 0% used [0x00000000e0000000,0x00000000e0000000,0x00000000e7180000)
  from space 12800K, 89% used [0x00000000e7180000,0x00000000e7caada0,0x00000000e7e00000)
  to   space 13312K, 0% used [0x00000000ed280000,0x00000000ed280000,0x00000000edf80000)
 ParOldGen       total 86016K, used 7379K [0x00000000a0000000, 0x00000000a5400000, 0x00000000e0000000)
  object space 86016K, 8% used [0x00000000a0000000,0x00000000a0734c30,0x00000000a5400000)
 Metaspace       used 34545K, capacity 35452K, committed 35496K, reserved 1079296K
  class space    used 4729K, capacity 4995K, committed 5032K, reserved 1048576K
Event: 6.989 GC heap after
Heap after GC invocations=9 (full 2):
 PSYoungGen      total 129024K, used 0K [0x00000000e0000000, 0x00000000edf80000, 0x0000000100000000)
  eden space 116224K, 0% used [0x00000000e0000000,0x00000000e0000000,0x00000000e7180000)
  from space 12800K, 0% used [0x00000000e7180000,0x00000000e7180000,0x00000000e7e00000)
  to   space 13312K, 0% used [0x00000000ed280000,0x00000000ed280000,0x00000000edf80000)
 ParOldGen       total 124416K, used 18158K [0x00000000a0000000, 0x00000000a7980000, 0x00000000e0000000)
  object space 124416K, 14% used [0x00000000a0000000,0x00000000a11bba88,0x00000000a7980000)
 Metaspace       used 34521K, capacity 35374K, committed 35496K, reserved 1079296K
  class space    used 4722K, capacity 4982K, committed 5032K, reserved 1048576K
}
Event: 8.534 GC heap before
{Heap before GC invocations=10 (full 2):
 PSYoungGen      total 129024K, used 116224K [0x00000000e0000000, 0x00000000edf80000, 0x0000000100000000)
  eden space 116224K, 100% used [0x00000000e0000000,0x00000000e7180000,0x00000000e7180000)
  from space 12800K, 0% used [0x00000000e7180000,0x00000000e7180000,0x00000000e7e00000)
  to   space 13312K, 0% used [0x00000000ed280000,0x00000000ed280000,0x00000000edf80000)
 ParOldGen       total 124416K, used 18158K [0x00000000a0000000, 0x00000000a7980000, 0x00000000e0000000)
  object space 124416K, 14% used [0x00000000a0000000,0x00000000a11bba88,0x00000000a7980000)
 Metaspace       used 45663K, capacity 46734K, committed 46888K, reserved 1089536K
  class space    used 6098K, capacity 6397K, committed 6440K, reserved 1048576K
Event: 8.548 GC heap after
Heap after GC invocations=10 (full 2):
 PSYoungGen      total 198656K, used 13299K [0x00000000e0000000, 0x00000000edf80000, 0x0000000100000000)
  eden space 185344K, 0% used [0x00000000e0000000,0x00000000e0000000,0x00000000eb500000)
  from space 13312K, 99% used [0x00000000ed280000,0x00000000edf7cd18,0x00000000edf80000)
  to   space 15360K, 0% used [0x00000000ec180000,0x00000000ec180000,0x00000000ed080000)
 ParOldGen       total 124416K, used 19598K [0x00000000a0000000, 0x00000000a7980000, 0x00000000e0000000)
  object space 124416K, 15% used [0x00000000a0000000,0x00000000a1323850,0x00000000a7980000)
 Metaspace       used 45663K, capacity 46734K, committed 46888K, reserved 1089536K
  class space    used 6098K, capacity 6397K, committed 6440K, reserved 1048576K
}
Event: 15.661 GC heap before
{Heap before GC invocations=11 (full 2):
 PSYoungGen      total 198656K, used 198643K [0x00000000e0000000, 0x00000000edf80000, 0x0000000100000000)
  eden space 185344K, 100% used [0x00000000e0000000,0x00000000eb500000,0x00000000eb500000)
  from space 13312K, 99% used [0x00000000ed280000,0x00000000edf7cd18,0x00000000edf80000)
  to   space 15360K, 0% used [0x00000000ec180000,0x00000000ec180000,0x00000000ed080000)
 ParOldGen       total 124416K, used 19598K [0x00000000a0000000, 0x00000000a7980000, 0x00000000e0000000)
  object space 124416K, 15% used [0x00000000a0000000,0x00000000a1323850,0x00000000a7980000)
 Metaspace       used 54106K, capacity 55938K, committed 55976K, reserved 1097728K
  class space    used 7377K, capacity 7837K, committed 7848K, reserved 1048576K
Event: 15.704 GC heap after
Heap after GC invocations=11 (full 2):
 PSYoungGen      total 200704K, used 15354K [0x00000000e0000000, 0x00000000edf80000, 0x0000000100000000)
  eden space 185344K, 0% used [0x00000000e0000000,0x00000000e0000000,0x00000000eb500000)
  from space 15360K, 99% used [0x00000000ec180000,0x00000000ed07eb80,0x00000000ed080000)
  to   space 13312K, 0% used [0x00000000ed280000,0x00000000ed280000,0x00000000edf80000)
 ParOldGen       total 124416K, used 27795K [0x00000000a0000000, 0x00000000a7980000, 0x00000000e0000000)
  object space 124416K, 22% used [0x00000000a0000000,0x00000000a1b24f60,0x00000000a7980000)
 Metaspace       used 54106K, capacity 55938K, committed 55976K, reserved 1097728K
  class space    used 7377K, capacity 7837K, committed 7848K, reserved 1048576K
}

