# JRE version: OpenJDK Runtime Environment (8.0_242-b01) (build 1.8.0_242-release-1644-b01)
# Java VM: OpenJDK 64-Bit Server VM (25.242-b01 mixed mode windows-amd64 compressed oops)
Heap:
 PSYoungGen      total 133120K, used 59549K [0x00000000e0000000, 0x00000000eef80000, 0x0000000100000000)
  eden space 120832K, 49% used [0x00000000e0000000,0x00000000e3a274c0,0x00000000e7600000)
  from space 12288K, 0% used [0x00000000e7600000,0x00000000e7600000,0x00000000e8200000)
  to   space 13312K, 0% used [0x00000000ee280000,0x00000000ee280000,0x00000000eef80000)
 ParOldGen       total 113152K, used 18154K [0x00000000a0000000, 0x00000000a6e80000, 0x00000000e0000000)
  object space 113152K, 16% used [0x00000000a0000000,0x00000000a11baa00,0x00000000a6e80000)
 Metaspace       used 42044K, capacity 43124K, committed 43432K, reserved 1087488K
  class space    used 5653K, capacity 5952K, committed 6056K, reserved 1048576K
GC Heap History (10 events):
Event: 7.665 GC heap before
{Heap before GC invocations=5 (full 1):
 PSYoungGen      total 76288K, used 7511K [0x00000000e0000000, 0x00000000e9500000, 0x0000000100000000)
  eden space 65536K, 0% used [0x00000000e0000000,0x00000000e0000000,0x00000000e4000000)
  from space 10752K, 69% used [0x00000000e4a80000,0x00000000e51d5db8,0x00000000e5500000)
  to   space 10752K, 0% used [0x00000000e4000000,0x00000000e4000000,0x00000000e4a80000)
 ParOldGen       total 175104K, used 1637K [0x00000000a0000000, 0x00000000aab00000, 0x00000000e0000000)
  object space 175104K, 0% used [0x00000000a0000000,0x00000000a01997d8,0x00000000aab00000)
 Metaspace       used 20744K, capacity 21114K, committed 21296K, reserved 1067008K
  class space    used 2919K, capacity 3085K, committed 3120K, reserved 1048576K
Event: 7.712 GC heap after
Heap after GC invocations=5 (full 1):
 PSYoungGen      total 76288K, used 0K [0x00000000e0000000, 0x00000000e9500000, 0x0000000100000000)
  eden space 65536K, 0% used [0x00000000e0000000,0x00000000e0000000,0x00000000e4000000)
  from space 10752K, 0% used [0x00000000e4a80000,0x00000000e4a80000,0x00000000e5500000)
  to   space 10752K, 0% used [0x00000000e4000000,0x00000000e4000000,0x00000000e4a80000)
 ParOldGen       total 82432K, used 7318K [0x00000000a0000000, 0x00000000a5080000, 0x00000000e0000000)
  object space 82432K, 8% used [0x00000000a0000000,0x00000000a0725a68,0x00000000a5080000)
 Metaspace       used 20744K, capacity 21114K, committed 21296K, reserved 1067008K
  class space    used 2919K, capacity 3085K, committed 3120K, reserved 1048576K
}
Event: 8.948 GC heap before
{Heap before GC invocations=6 (full 1):
 PSYoungGen      total 76288K, used 65536K [0x00000000e0000000, 0x00000000e9500000, 0x0000000100000000)
  eden space 65536K, 100% used [0x00000000e0000000,0x00000000e4000000,0x00000000e4000000)
  from space 10752K, 0% used [0x00000000e4a80000,0x00000000e4a80000,0x00000000e5500000)
  to   space 10752K, 0% used [0x00000000e4000000,0x00000000e4000000,0x00000000e4a80000)
 ParOldGen       total 82432K, used 7318K [0x00000000a0000000, 0x00000000a5080000, 0x00000000e0000000)
  object space 82432K, 8% used [0x00000000a0000000,0x00000000a0725a88,0x00000000a5080000)
 Metaspace       used 27931K, capacity 28402K, committed 28592K, reserved 1073152K
  class space    used 3812K, capacity 3973K, committed 4016K, reserved 1048576K
Event: 8.954 GC heap after
Heap after GC invocations=6 (full 1):
 PSYoungGen      total 76288K, used 8041K [0x00000000e0000000, 0x00000000e9000000, 0x0000000100000000)
  eden space 65536K, 0% used [0x00000000e0000000,0x00000000e0000000,0x00000000e4000000)
  from space 10752K, 74% used [0x00000000e4000000,0x00000000e47da5e0,0x00000000e4a80000)
  to   space 12800K, 0% used [0x00000000e8380000,0x00000000e8380000,0x00000000e9000000)
 ParOldGen       total 82432K, used 7326K [0x00000000a0000000, 0x00000000a5080000, 0x00000000e0000000)
  object space 82432K, 8% used [0x00000000a0000000,0x00000000a0727a88,0x00000000a5080000)
 Metaspace       used 27931K, capacity 28402K, committed 28592K, reserved 1073152K
  class space    used 3812K, capacity 3973K, committed 4016K, reserved 1048576K
}
Event: 9.662 GC heap before
{Heap before GC invocations=7 (full 1):
 PSYoungGen      total 76288K, used 73577K [0x00000000e0000000, 0x00000000e9000000, 0x0000000100000000)
  eden space 65536K, 100% used [0x00000000e0000000,0x00000000e4000000,0x00000000e4000000)
  from space 10752K, 74% used [0x00000000e4000000,0x00000000e47da5e0,0x00000000e4a80000)
  to   space 12800K, 0% used [0x00000000e8380000,0x00000000e8380000,0x00000000e9000000)
 ParOldGen       total 82432K, used 7336K [0x00000000a0000000, 0x00000000a5080000, 0x00000000e0000000)
  object space 82432K, 8% used [0x00000000a0000000,0x00000000a072a1e8,0x00000000a5080000)
 Metaspace       used 31304K, capacity 31842K, committed 32176K, reserved 1077248K
  class space    used 4279K, capacity 4434K, committed 4528K, reserved 1048576K
Event: 9.675 GC heap after
Heap after GC invocations=7 (full 1):
 PSYoungGen      total 131584K, used 8974K [0x00000000e0000000, 0x00000000e8e00000, 0x0000000100000000)
  eden space 120832K, 0% used [0x00000000e0000000,0x00000000e0000000,0x00000000e7600000)
  from space 10752K, 83% used [0x00000000e8380000,0x00000000e8c43bb8,0x00000000e8e00000)
  to   space 12288K, 0% used [0x00000000e7600000,0x00000000e7600000,0x00000000e8200000)
 ParOldGen       total 82432K, used 7344K [0x00000000a0000000, 0x00000000a5080000, 0x00000000e0000000)
  object space 82432K, 8% used [0x00000000a0000000,0x00000000a072c1e8,0x00000000a5080000)
 Metaspace       used 31304K, capacity 31842K, committed 32176K, reserved 1077248K
  class space    used 4279K, capacity 4434K, committed 4528K, reserved 1048576K
}
Event: 13.192 GC heap before
{Heap before GC invocations=8 (full 1):
 PSYoungGen      total 131584K, used 76657K [0x00000000e0000000, 0x00000000e8e00000, 0x0000000100000000)
  eden space 120832K, 56% used [0x00000000e0000000,0x00000000e42188d8,0x00000000e7600000)
  from space 10752K, 83% used [0x00000000e8380000,0x00000000e8c43bb8,0x00000000e8e00000)
  to   space 12288K, 0% used [0x00000000e7600000,0x00000000e7600000,0x00000000e8200000)
 ParOldGen       total 82432K, used 7344K [0x00000000a0000000, 0x00000000a5080000, 0x00000000e0000000)
  object space 82432K, 8% used [0x00000000a0000000,0x00000000a072c1e8,0x00000000a5080000)
 Metaspace       used 34470K, capacity 35420K, committed 35496K, reserved 1079296K
  class space    used 4723K, capacity 4989K, committed 5032K, reserved 1048576K
Event: 13.209 GC heap after
Heap after GC invocations=8 (full 1):
 PSYoungGen      total 133120K, used 11406K [0x00000000e0000000, 0x00000000eef80000, 0x0000000100000000)
  eden space 120832K, 0% used [0x00000000e0000000,0x00000000e0000000,0x00000000e7600000)
  from space 12288K, 92% used [0x00000000e7600000,0x00000000e8123ab0,0x00000000e8200000)
  to   space 13312K, 0% used [0x00000000ee280000,0x00000000ee280000,0x00000000eef80000)
 ParOldGen       total 82432K, used 7352K [0x00000000a0000000, 0x00000000a5080000, 0x00000000e0000000)
  object space 82432K, 8% used [0x00000000a0000000,0x00000000a072e1e8,0x00000000a5080000)
 Metaspace       used 34470K, capacity 35420K, committed 35496K, reserved 1079296K
  class space    used 4723K, capacity 4989K, committed 5032K, reserved 1048576K
}
Event: 13.209 GC heap before
{Heap before GC invocations=9 (full 2):
 PSYoungGen      total 133120K, used 11406K [0x00000000e0000000, 0x00000000eef80000, 0x0000000100000000)
  eden space 120832K, 0% used [0x00000000e0000000,0x00000000e0000000,0x00000000e7600000)
  from space 12288K, 92% used [0x00000000e7600000,0x00000000e8123ab0,0x00000000e8200000)
  to   space 13312K, 0% used [0x00000000ee280000,0x00000000ee280000,0x00000000eef80000)
 ParOldGen       total 82432K, used 7352K [0x00000000a0000000, 0x00000000a5080000, 0x00000000e0000000)
  object space 82432K, 8% used [0x00000000a0000000,0x00000000a072e1e8,0x00000000a5080000)
 Metaspace       used 34470K, capacity 35420K, committed 35496K, reserved 1079296K
  class space    used 4723K, capacity 4989K, committed 5032K, reserved 1048576K
Event: 13.284 GC heap after
Heap after GC invocations=9 (full 2):
 PSYoungGen      total 133120K, used 0K [0x00000000e0000000, 0x00000000eef80000, 0x0000000100000000)
  eden space 120832K, 0% used [0x00000000e0000000,0x00000000e0000000,0x00000000e7600000)
  from space 12288K, 0% used [0x00000000e7600000,0x00000000e7600000,0x00000000e8200000)
  to   space 13312K, 0% used [0x00000000ee280000,0x00000000ee280000,0x00000000eef80000)
 ParOldGen       total 113152K, used 18154K [0x00000000a0000000, 0x00000000a6e80000, 0x00000000e0000000)
  object space 113152K, 16% used [0x00000000a0000000,0x00000000a11baa00,0x00000000a6e80000)
 Metaspace       used 34458K, capacity 35378K, committed 35496K, reserved 1079296K
  class space    used 4719K, capacity 4982K, committed 5032K, reserved 1048576K
}

